<?xml version="1.0" encoding="UTF-8"?>
<testng-results ignored="0" total="1" passed="1" failed="0" skipped="0">
  <reporter-output>
    <line>
      <![CDATA[customer created]]>
    </line>
  </reporter-output>
  <suite started-at="2023-01-23T20:20:58 IST" name="Suite" finished-at="2023-01-23T20:20:58 IST" duration-ms="46">
    <groups>
    </groups>
    <test started-at="2023-01-23T20:20:58 IST" name="Test" finished-at="2023-01-23T20:20:58 IST" duration-ms="46">
      <class name="com.Actitime.Testscripts.CreateCustomerTest">
        <test-method signature="createcustomer()[pri:0, instance:com.Actitime.Testscripts.CreateCustomerTest@12d3a4e9]" started-at="2023-01-23T20:20:58 IST" name="createcustomer" finished-at="2023-01-23T20:20:58 IST" duration-ms="6" status="PASS">
          <reporter-output>
            <line>
              <![CDATA[customer created]]>
            </line>
          </reporter-output>
        </test-method> <!-- createcustomer -->
      </class> <!-- com.Actitime.Testscripts.CreateCustomerTest -->
    </test> <!-- Test -->
  </suite> <!-- Suite -->
</testng-results>
